[0.020s] Invoking command in '/home/ubuntu2204/lerobot_ws/build/lerobot_moveit_config': CMAKE_PREFIX_PATH=/home/ubuntu2204/lerobot_ws/install/lerobot_description:/home/ubuntu2204/lerobot_ws/install/lerobot_moveit_config:/home/ubuntu2204/ws00_helloworld/install/pkg03_hellovscode_cpp:/home/ubuntu2204/ws00_helloworld/install/pkg01_helloworld_cpp:/home/ubuntu2204/lerobot_ws/install/lerobot_control:/home/ubuntu2204/ws00_helloworld/install/pkg04_hellovscode_py:/home/ubuntu2204/ws00_helloworld/install/pkg02_helloworld_py:/opt/ros/humble /usr/bin/cmake --build /home/ubuntu2204/lerobot_ws/build/lerobot_moveit_config -- -j2 -l2
[0.057s] -- Found ament_cmake: 1.3.12 (/opt/ros/humble/share/ament_cmake/cmake)
[0.339s] -- Configuring done
[0.343s] -- Generating done
[0.347s] -- Build files have been written to: /home/ubuntu2204/lerobot_ws/build/lerobot_moveit_config
[0.375s] Invoked command in '/home/ubuntu2204/lerobot_ws/build/lerobot_moveit_config' returned '0': CMAKE_PREFIX_PATH=/home/ubuntu2204/lerobot_ws/install/lerobot_description:/home/ubuntu2204/lerobot_ws/install/lerobot_moveit_config:/home/ubuntu2204/ws00_helloworld/install/pkg03_hellovscode_cpp:/home/ubuntu2204/ws00_helloworld/install/pkg01_helloworld_cpp:/home/ubuntu2204/lerobot_ws/install/lerobot_control:/home/ubuntu2204/ws00_helloworld/install/pkg04_hellovscode_py:/home/ubuntu2204/ws00_helloworld/install/pkg02_helloworld_py:/opt/ros/humble /usr/bin/cmake --build /home/ubuntu2204/lerobot_ws/build/lerobot_moveit_config -- -j2 -l2
[0.376s] Invoking command in '/home/ubuntu2204/lerobot_ws/build/lerobot_moveit_config': CMAKE_PREFIX_PATH=/home/ubuntu2204/lerobot_ws/install/lerobot_description:/home/ubuntu2204/lerobot_ws/install/lerobot_moveit_config:/home/ubuntu2204/ws00_helloworld/install/pkg03_hellovscode_cpp:/home/ubuntu2204/ws00_helloworld/install/pkg01_helloworld_cpp:/home/ubuntu2204/lerobot_ws/install/lerobot_control:/home/ubuntu2204/ws00_helloworld/install/pkg04_hellovscode_py:/home/ubuntu2204/ws00_helloworld/install/pkg02_helloworld_py:/opt/ros/humble /usr/bin/cmake --install /home/ubuntu2204/lerobot_ws/build/lerobot_moveit_config
[0.384s] -- Install configuration: ""
[0.384s] -- Up-to-date: /home/ubuntu2204/lerobot_ws/install/lerobot_moveit_config/share/ament_index/resource_index/package_run_dependencies/lerobot_moveit_config
[0.384s] -- Installing: /home/ubuntu2204/lerobot_ws/install/lerobot_moveit_config/share/ament_index/resource_index/parent_prefix_path/lerobot_moveit_config
[0.384s] -- Up-to-date: /home/ubuntu2204/lerobot_ws/install/lerobot_moveit_config/share/lerobot_moveit_config/environment/ament_prefix_path.sh
[0.384s] -- Installing: /home/ubuntu2204/lerobot_ws/install/lerobot_moveit_config/share/lerobot_moveit_config/environment/ament_prefix_path.dsv
[0.384s] -- Up-to-date: /home/ubuntu2204/lerobot_ws/install/lerobot_moveit_config/share/lerobot_moveit_config/environment/path.sh
[0.384s] -- Installing: /home/ubuntu2204/lerobot_ws/install/lerobot_moveit_config/share/lerobot_moveit_config/environment/path.dsv
[0.384s] -- Up-to-date: /home/ubuntu2204/lerobot_ws/install/lerobot_moveit_config/share/lerobot_moveit_config/local_setup.bash
[0.384s] -- Up-to-date: /home/ubuntu2204/lerobot_ws/install/lerobot_moveit_config/share/lerobot_moveit_config/local_setup.sh
[0.385s] -- Up-to-date: /home/ubuntu2204/lerobot_ws/install/lerobot_moveit_config/share/lerobot_moveit_config/local_setup.zsh
[0.385s] -- Installing: /home/ubuntu2204/lerobot_ws/install/lerobot_moveit_config/share/lerobot_moveit_config/local_setup.dsv
[0.385s] -- Installing: /home/ubuntu2204/lerobot_ws/install/lerobot_moveit_config/share/lerobot_moveit_config/package.dsv
[0.385s] -- Up-to-date: /home/ubuntu2204/lerobot_ws/install/lerobot_moveit_config/share/ament_index/resource_index/packages/lerobot_moveit_config
[0.385s] -- Up-to-date: /home/ubuntu2204/lerobot_ws/install/lerobot_moveit_config/share/lerobot_moveit_config/cmake/lerobot_moveit_configConfig.cmake
[0.385s] -- Up-to-date: /home/ubuntu2204/lerobot_ws/install/lerobot_moveit_config/share/lerobot_moveit_config/cmake/lerobot_moveit_configConfig-version.cmake
[0.385s] -- Installing: /home/ubuntu2204/lerobot_ws/install/lerobot_moveit_config/share/lerobot_moveit_config/package.xml
[0.385s] -- Up-to-date: /home/ubuntu2204/lerobot_ws/install/lerobot_moveit_config/share/lerobot_moveit_config/launch
[0.385s] -- Installing: /home/ubuntu2204/lerobot_ws/install/lerobot_moveit_config/share/lerobot_moveit_config/launch/rsp.launch.py
[0.385s] -- Installing: /home/ubuntu2204/lerobot_ws/install/lerobot_moveit_config/share/lerobot_moveit_config/launch/static_virtual_joint_tfs.launch.py
[0.385s] -- Installing: /home/ubuntu2204/lerobot_ws/install/lerobot_moveit_config/share/lerobot_moveit_config/launch/setup_assistant.launch.py
[0.385s] -- Installing: /home/ubuntu2204/lerobot_ws/install/lerobot_moveit_config/share/lerobot_moveit_config/launch/move_group.launch.py
[0.385s] -- Installing: /home/ubuntu2204/lerobot_ws/install/lerobot_moveit_config/share/lerobot_moveit_config/launch/spawn_controllers.launch.py
[0.385s] -- Installing: /home/ubuntu2204/lerobot_ws/install/lerobot_moveit_config/share/lerobot_moveit_config/launch/demo.launch.py
[0.385s] -- Installing: /home/ubuntu2204/lerobot_ws/install/lerobot_moveit_config/share/lerobot_moveit_config/launch/warehouse_db.launch.py
[0.385s] -- Installing: /home/ubuntu2204/lerobot_ws/install/lerobot_moveit_config/share/lerobot_moveit_config/launch/moveit_rviz.launch.py
[0.385s] -- Up-to-date: /home/ubuntu2204/lerobot_ws/install/lerobot_moveit_config/share/lerobot_moveit_config/config
[0.385s] -- Installing: /home/ubuntu2204/lerobot_ws/install/lerobot_moveit_config/share/lerobot_moveit_config/config/joint_limits.yaml
[0.385s] -- Installing: /home/ubuntu2204/lerobot_ws/install/lerobot_moveit_config/share/lerobot_moveit_config/config/ros2_controllers.yaml
[0.385s] -- Installing: /home/ubuntu2204/lerobot_ws/install/lerobot_moveit_config/share/lerobot_moveit_config/config/lerobot.srdf
[0.385s] -- Installing: /home/ubuntu2204/lerobot_ws/install/lerobot_moveit_config/share/lerobot_moveit_config/config/moveit.rviz
[0.385s] -- Up-to-date: /home/ubuntu2204/lerobot_ws/install/lerobot_moveit_config/share/lerobot_moveit_config/config/lerobot.urdf.xacro
[0.385s] -- Installing: /home/ubuntu2204/lerobot_ws/install/lerobot_moveit_config/share/lerobot_moveit_config/config/pilz_cartesian_limits.yaml
[0.385s] -- Up-to-date: /home/ubuntu2204/lerobot_ws/install/lerobot_moveit_config/share/lerobot_moveit_config/config/initial_positions.yaml
[0.385s] -- Up-to-date: /home/ubuntu2204/lerobot_ws/install/lerobot_moveit_config/share/lerobot_moveit_config/config/lerobot.ros2_control.xacro
[0.385s] -- Installing: /home/ubuntu2204/lerobot_ws/install/lerobot_moveit_config/share/lerobot_moveit_config/config/sensors_3d.yaml
[0.385s] -- Installing: /home/ubuntu2204/lerobot_ws/install/lerobot_moveit_config/share/lerobot_moveit_config/config/moveit_controllers.yaml
[0.385s] -- Installing: /home/ubuntu2204/lerobot_ws/install/lerobot_moveit_config/share/lerobot_moveit_config/config/kinematics.yaml
[0.385s] -- Installing: /home/ubuntu2204/lerobot_ws/install/lerobot_moveit_config/share/lerobot_moveit_config/.setup_assistant
[0.389s] Invoked command in '/home/ubuntu2204/lerobot_ws/build/lerobot_moveit_config' returned '0': CMAKE_PREFIX_PATH=/home/ubuntu2204/lerobot_ws/install/lerobot_description:/home/ubuntu2204/lerobot_ws/install/lerobot_moveit_config:/home/ubuntu2204/ws00_helloworld/install/pkg03_hellovscode_cpp:/home/ubuntu2204/ws00_helloworld/install/pkg01_helloworld_cpp:/home/ubuntu2204/lerobot_ws/install/lerobot_control:/home/ubuntu2204/ws00_helloworld/install/pkg04_hellovscode_py:/home/ubuntu2204/ws00_helloworld/install/pkg02_helloworld_py:/opt/ros/humble /usr/bin/cmake --install /home/ubuntu2204/lerobot_ws/build/lerobot_moveit_config
