[0.905s] Invoking command in '/home/ubuntu2204/lerobot_ws/src/lerobot_control': PYTHONPATH=/home/ubuntu2204/lerobot_ws/build/lerobot_control/prefix_override:/usr/lib/python3/dist-packages/colcon_core/task/python/colcon_distutils_commands:/home/ubuntu2204/lerobot_ws/install/lerobot_control/lib/python3.10/site-packages:${PYTHONPATH} /usr/bin/python3 -W ignore:setup.py install is deprecated -W ignore:easy_install command is deprecated setup.py egg_info --egg-base ../../build/lerobot_control build --build-base /home/ubuntu2204/lerobot_ws/build/lerobot_control/build install --record /home/ubuntu2204/lerobot_ws/build/lerobot_control/install.log --single-version-externally-managed install_data
[1.117s] running egg_info
[1.117s] creating ../../build/lerobot_control/lerobot_control.egg-info
[1.117s] writing ../../build/lerobot_control/lerobot_control.egg-info/PKG-INFO
[1.117s] writing dependency_links to ../../build/lerobot_control/lerobot_control.egg-info/dependency_links.txt
[1.117s] writing entry points to ../../build/lerobot_control/lerobot_control.egg-info/entry_points.txt
[1.117s] writing requirements to ../../build/lerobot_control/lerobot_control.egg-info/requires.txt
[1.117s] writing top-level names to ../../build/lerobot_control/lerobot_control.egg-info/top_level.txt
[1.117s] writing manifest file '../../build/lerobot_control/lerobot_control.egg-info/SOURCES.txt'
[1.117s] reading manifest file '../../build/lerobot_control/lerobot_control.egg-info/SOURCES.txt'
[1.117s] writing manifest file '../../build/lerobot_control/lerobot_control.egg-info/SOURCES.txt'
[1.117s] running build
[1.120s] running build_py
[1.120s] creating /home/ubuntu2204/lerobot_ws/build/lerobot_control/build
[1.120s] creating /home/ubuntu2204/lerobot_ws/build/lerobot_control/build/lib
[1.120s] creating /home/ubuntu2204/lerobot_ws/build/lerobot_control/build/lib/lerobot_control
[1.120s] copying lerobot_control/__init__.py -> /home/ubuntu2204/lerobot_ws/build/lerobot_control/build/lib/lerobot_control
[1.122s] copying lerobot_control/lerobot.py -> /home/ubuntu2204/lerobot_ws/build/lerobot_control/build/lib/lerobot_control
[1.122s] running install
[1.122s] running install_lib
[1.122s] creating /home/ubuntu2204/lerobot_ws/install/lerobot_control/lib/python3.10/site-packages/lerobot_control
[1.122s] copying /home/ubuntu2204/lerobot_ws/build/lerobot_control/build/lib/lerobot_control/__init__.py -> /home/ubuntu2204/lerobot_ws/install/lerobot_control/lib/python3.10/site-packages/lerobot_control
[1.122s] copying /home/ubuntu2204/lerobot_ws/build/lerobot_control/build/lib/lerobot_control/lerobot.py -> /home/ubuntu2204/lerobot_ws/install/lerobot_control/lib/python3.10/site-packages/lerobot_control
[1.122s] byte-compiling /home/ubuntu2204/lerobot_ws/install/lerobot_control/lib/python3.10/site-packages/lerobot_control/__init__.py to __init__.cpython-310.pyc
[1.122s] byte-compiling /home/ubuntu2204/lerobot_ws/install/lerobot_control/lib/python3.10/site-packages/lerobot_control/lerobot.py to lerobot.cpython-310.pyc
[1.122s] running install_data
[1.122s] creating /home/ubuntu2204/lerobot_ws/install/lerobot_control/share/ament_index
[1.122s] creating /home/ubuntu2204/lerobot_ws/install/lerobot_control/share/ament_index/resource_index
[1.122s] creating /home/ubuntu2204/lerobot_ws/install/lerobot_control/share/ament_index/resource_index/packages
[1.122s] copying resource/lerobot_control -> /home/ubuntu2204/lerobot_ws/install/lerobot_control/share/ament_index/resource_index/packages
[1.122s] copying package.xml -> /home/ubuntu2204/lerobot_ws/install/lerobot_control/share/lerobot_control
[1.122s] running install_egg_info
[1.132s] Copying ../../build/lerobot_control/lerobot_control.egg-info to /home/ubuntu2204/lerobot_ws/install/lerobot_control/lib/python3.10/site-packages/lerobot_control-0.0.0-py3.10.egg-info
[1.132s] running install_scripts
[1.151s] Installing lerobot script to /home/ubuntu2204/lerobot_ws/install/lerobot_control/lib/lerobot_control
[1.151s] writing list of installed files to '/home/ubuntu2204/lerobot_ws/build/lerobot_control/install.log'
[1.169s] Invoked command in '/home/ubuntu2204/lerobot_ws/src/lerobot_control' returned '0': PYTHONPATH=/home/ubuntu2204/lerobot_ws/build/lerobot_control/prefix_override:/usr/lib/python3/dist-packages/colcon_core/task/python/colcon_distutils_commands:/home/ubuntu2204/lerobot_ws/install/lerobot_control/lib/python3.10/site-packages:${PYTHONPATH} /usr/bin/python3 -W ignore:setup.py install is deprecated -W ignore:easy_install command is deprecated setup.py egg_info --egg-base ../../build/lerobot_control build --build-base /home/ubuntu2204/lerobot_ws/build/lerobot_control/build install --record /home/ubuntu2204/lerobot_ws/build/lerobot_control/install.log --single-version-externally-managed install_data
