[0.105s] DEBUG:colcon:Command line arguments: ['/usr/bin/colcon', 'build']
[0.105s] DEBUG:colcon:Parsed command line arguments: Namespace(log_base=None, log_level=None, verb_name='build', build_base='build', install_base='install', merge_install=False, symlink_install=False, test_result_base=None, continue_on_error=False, executor='parallel', parallel_workers=2, event_handlers=None, ignore_user_meta=False, metas=['./colcon.meta'], base_paths=['.'], packages_ignore=None, packages_ignore_regex=None, paths=None, packages_up_to=None, packages_up_to_regex=None, packages_above=None, packages_above_and_dependencies=None, packages_above_depth=None, packages_select_by_dep=None, packages_skip_by_dep=None, packages_skip_up_to=None, packages_select_build_failed=False, packages_skip_build_finished=False, packages_select_test_failures=False, packages_skip_test_passed=False, packages_select=None, packages_skip=None, packages_select_regex=None, packages_skip_regex=None, packages_start=None, packages_end=None, allow_overriding=[], cmake_args=None, cmake_target=None, cmake_target_skip_unavailable=False, cmake_clean_cache=False, cmake_clean_first=False, cmake_force_configure=False, ament_cmake_args=None, catkin_cmake_args=None, catkin_skip_building_tests=False, verb_parser=<colcon_defaults.argument_parser.defaults.DefaultArgumentsDecorator object at 0x729deb683940>, verb_extension=<colcon_core.verb.build.BuildVerb object at 0x729deb8a0730>, main=<bound method BuildVerb.main of <colcon_core.verb.build.BuildVerb object at 0x729deb8a0730>>)
[0.220s] Level 1:colcon.colcon_core.package_discovery:discover_packages(colcon_meta) check parameters
[0.221s] Level 1:colcon.colcon_core.package_discovery:discover_packages(recursive) check parameters
[0.221s] Level 1:colcon.colcon_core.package_discovery:discover_packages(ignore) check parameters
[0.221s] Level 1:colcon.colcon_core.package_discovery:discover_packages(path) check parameters
[0.221s] Level 1:colcon.colcon_core.package_discovery:discover_packages(colcon_meta) discover
[0.221s] Level 1:colcon.colcon_core.package_discovery:discover_packages(recursive) discover
[0.221s] INFO:colcon.colcon_core.package_discovery:Crawling recursively for packages in '/home/ubuntu2204/lerobot_ws'
[0.221s] Level 1:colcon.colcon_core.package_identification:_identify(.) by extensions ['ignore', 'ignore_ament_install']
[0.221s] Level 1:colcon.colcon_core.package_identification:_identify(.) by extension 'ignore'
[0.221s] Level 1:colcon.colcon_core.package_identification:_identify(.) by extension 'ignore_ament_install'
[0.221s] Level 1:colcon.colcon_core.package_identification:_identify(.) by extensions ['colcon_pkg']
[0.221s] Level 1:colcon.colcon_core.package_identification:_identify(.) by extension 'colcon_pkg'
[0.221s] Level 1:colcon.colcon_core.package_identification:_identify(.) by extensions ['colcon_meta']
[0.221s] Level 1:colcon.colcon_core.package_identification:_identify(.) by extension 'colcon_meta'
[0.221s] Level 1:colcon.colcon_core.package_identification:_identify(.) by extensions ['ros']
[0.221s] Level 1:colcon.colcon_core.package_identification:_identify(.) by extension 'ros'
[0.227s] Level 1:colcon.colcon_core.package_identification:_identify(.) by extensions ['cmake', 'python']
[0.228s] Level 1:colcon.colcon_core.package_identification:_identify(.) by extension 'cmake'
[0.228s] Level 1:colcon.colcon_core.package_identification:_identify(.) by extension 'python'
[0.228s] Level 1:colcon.colcon_core.package_identification:_identify(.) by extensions ['python_setup_py']
[0.228s] Level 1:colcon.colcon_core.package_identification:_identify(.) by extension 'python_setup_py'
[0.228s] Level 1:colcon.colcon_core.package_identification:_identify(build) by extensions ['ignore', 'ignore_ament_install']
[0.228s] Level 1:colcon.colcon_core.package_identification:_identify(build) by extension 'ignore'
[0.228s] Level 1:colcon.colcon_core.package_identification:_identify(build) ignored
[0.228s] Level 1:colcon.colcon_core.package_identification:_identify(install) by extensions ['ignore', 'ignore_ament_install']
[0.228s] Level 1:colcon.colcon_core.package_identification:_identify(install) by extension 'ignore'
[0.228s] Level 1:colcon.colcon_core.package_identification:_identify(install) ignored
[0.228s] Level 1:colcon.colcon_core.package_identification:_identify(log) by extensions ['ignore', 'ignore_ament_install']
[0.228s] Level 1:colcon.colcon_core.package_identification:_identify(log) by extension 'ignore'
[0.228s] Level 1:colcon.colcon_core.package_identification:_identify(log) ignored
[0.228s] Level 1:colcon.colcon_core.package_identification:_identify(src) by extensions ['ignore', 'ignore_ament_install']
[0.228s] Level 1:colcon.colcon_core.package_identification:_identify(src) by extension 'ignore'
[0.228s] Level 1:colcon.colcon_core.package_identification:_identify(src) by extension 'ignore_ament_install'
[0.228s] Level 1:colcon.colcon_core.package_identification:_identify(src) by extensions ['colcon_pkg']
[0.228s] Level 1:colcon.colcon_core.package_identification:_identify(src) by extension 'colcon_pkg'
[0.228s] Level 1:colcon.colcon_core.package_identification:_identify(src) by extensions ['colcon_meta']
[0.228s] Level 1:colcon.colcon_core.package_identification:_identify(src) by extension 'colcon_meta'
[0.228s] Level 1:colcon.colcon_core.package_identification:_identify(src) by extensions ['ros']
[0.228s] Level 1:colcon.colcon_core.package_identification:_identify(src) by extension 'ros'
[0.228s] Level 1:colcon.colcon_core.package_identification:_identify(src) by extensions ['cmake', 'python']
[0.229s] Level 1:colcon.colcon_core.package_identification:_identify(src) by extension 'cmake'
[0.229s] Level 1:colcon.colcon_core.package_identification:_identify(src) by extension 'python'
[0.229s] Level 1:colcon.colcon_core.package_identification:_identify(src) by extensions ['python_setup_py']
[0.229s] Level 1:colcon.colcon_core.package_identification:_identify(src) by extension 'python_setup_py'
[0.229s] Level 1:colcon.colcon_core.package_identification:_identify(src/lerobot_control) by extensions ['ignore', 'ignore_ament_install']
[0.229s] Level 1:colcon.colcon_core.package_identification:_identify(src/lerobot_control) by extension 'ignore'
[0.229s] Level 1:colcon.colcon_core.package_identification:_identify(src/lerobot_control) by extension 'ignore_ament_install'
[0.229s] Level 1:colcon.colcon_core.package_identification:_identify(src/lerobot_control) by extensions ['colcon_pkg']
[0.229s] Level 1:colcon.colcon_core.package_identification:_identify(src/lerobot_control) by extension 'colcon_pkg'
[0.229s] Level 1:colcon.colcon_core.package_identification:_identify(src/lerobot_control) by extensions ['colcon_meta']
[0.229s] Level 1:colcon.colcon_core.package_identification:_identify(src/lerobot_control) by extension 'colcon_meta'
[0.229s] Level 1:colcon.colcon_core.package_identification:_identify(src/lerobot_control) by extensions ['ros']
[0.229s] Level 1:colcon.colcon_core.package_identification:_identify(src/lerobot_control) by extension 'ros'
[0.234s] DEBUG:colcon.colcon_core.package_identification:Package 'src/lerobot_control' with type 'ros.ament_python' and name 'lerobot_control'
[0.234s] Level 1:colcon.colcon_core.package_identification:_identify(src/lerobot_description) by extensions ['ignore', 'ignore_ament_install']
[0.234s] Level 1:colcon.colcon_core.package_identification:_identify(src/lerobot_description) by extension 'ignore'
[0.234s] Level 1:colcon.colcon_core.package_identification:_identify(src/lerobot_description) by extension 'ignore_ament_install'
[0.234s] Level 1:colcon.colcon_core.package_identification:_identify(src/lerobot_description) by extensions ['colcon_pkg']
[0.234s] Level 1:colcon.colcon_core.package_identification:_identify(src/lerobot_description) by extension 'colcon_pkg'
[0.234s] Level 1:colcon.colcon_core.package_identification:_identify(src/lerobot_description) by extensions ['colcon_meta']
[0.234s] Level 1:colcon.colcon_core.package_identification:_identify(src/lerobot_description) by extension 'colcon_meta'
[0.234s] Level 1:colcon.colcon_core.package_identification:_identify(src/lerobot_description) by extensions ['ros']
[0.234s] Level 1:colcon.colcon_core.package_identification:_identify(src/lerobot_description) by extension 'ros'
[0.235s] DEBUG:colcon.colcon_core.package_identification:Package 'src/lerobot_description' with type 'ros.ament_cmake' and name 'lerobot_description'
[0.235s] Level 1:colcon.colcon_core.package_discovery:discover_packages(recursive) using defaults
[0.235s] Level 1:colcon.colcon_core.package_discovery:discover_packages(ignore) discover
[0.235s] Level 1:colcon.colcon_core.package_discovery:discover_packages(ignore) using defaults
[0.235s] Level 1:colcon.colcon_core.package_discovery:discover_packages(path) discover
[0.235s] Level 1:colcon.colcon_core.package_discovery:discover_packages(path) using defaults
[0.280s] Level 1:colcon.colcon_core.package_discovery:discover_packages(prefix_path) check parameters
[0.280s] Level 1:colcon.colcon_core.package_discovery:discover_packages(prefix_path) discover
[0.282s] DEBUG:colcon.colcon_installed_package_information.package_discovery:Found 2 installed packages in /home/ubuntu2204/lerobot_ws/install
[0.282s] DEBUG:colcon.colcon_installed_package_information.package_discovery:Found 4 installed packages in /home/ubuntu2204/ws00_helloworld/install
[0.283s] DEBUG:colcon.colcon_installed_package_information.package_discovery:Found 454 installed packages in /opt/ros/humble
[0.284s] Level 1:colcon.colcon_core.package_discovery:discover_packages(prefix_path) using defaults
[0.315s] Level 5:colcon.colcon_core.verb:set package 'lerobot_control' build argument 'cmake_args' from command line to 'None'
[0.315s] Level 5:colcon.colcon_core.verb:set package 'lerobot_control' build argument 'cmake_target' from command line to 'None'
[0.315s] Level 5:colcon.colcon_core.verb:set package 'lerobot_control' build argument 'cmake_target_skip_unavailable' from command line to 'False'
[0.315s] Level 5:colcon.colcon_core.verb:set package 'lerobot_control' build argument 'cmake_clean_cache' from command line to 'False'
[0.315s] Level 5:colcon.colcon_core.verb:set package 'lerobot_control' build argument 'cmake_clean_first' from command line to 'False'
[0.315s] Level 5:colcon.colcon_core.verb:set package 'lerobot_control' build argument 'cmake_force_configure' from command line to 'False'
[0.315s] Level 5:colcon.colcon_core.verb:set package 'lerobot_control' build argument 'ament_cmake_args' from command line to 'None'
[0.315s] Level 5:colcon.colcon_core.verb:set package 'lerobot_control' build argument 'catkin_cmake_args' from command line to 'None'
[0.315s] Level 5:colcon.colcon_core.verb:set package 'lerobot_control' build argument 'catkin_skip_building_tests' from command line to 'False'
[0.316s] DEBUG:colcon.colcon_core.verb:Building package 'lerobot_control' with the following arguments: {'ament_cmake_args': None, 'build_base': '/home/ubuntu2204/lerobot_ws/build/lerobot_control', 'catkin_cmake_args': None, 'catkin_skip_building_tests': False, 'cmake_args': None, 'cmake_clean_cache': False, 'cmake_clean_first': False, 'cmake_force_configure': False, 'cmake_target': None, 'cmake_target_skip_unavailable': False, 'install_base': '/home/ubuntu2204/lerobot_ws/install/lerobot_control', 'merge_install': False, 'path': '/home/ubuntu2204/lerobot_ws/src/lerobot_control', 'symlink_install': False, 'test_result_base': None}
[0.316s] Level 5:colcon.colcon_core.verb:set package 'lerobot_description' build argument 'cmake_args' from command line to 'None'
[0.316s] Level 5:colcon.colcon_core.verb:set package 'lerobot_description' build argument 'cmake_target' from command line to 'None'
[0.316s] Level 5:colcon.colcon_core.verb:set package 'lerobot_description' build argument 'cmake_target_skip_unavailable' from command line to 'False'
[0.316s] Level 5:colcon.colcon_core.verb:set package 'lerobot_description' build argument 'cmake_clean_cache' from command line to 'False'
[0.316s] Level 5:colcon.colcon_core.verb:set package 'lerobot_description' build argument 'cmake_clean_first' from command line to 'False'
[0.316s] Level 5:colcon.colcon_core.verb:set package 'lerobot_description' build argument 'cmake_force_configure' from command line to 'False'
[0.316s] Level 5:colcon.colcon_core.verb:set package 'lerobot_description' build argument 'ament_cmake_args' from command line to 'None'
[0.316s] Level 5:colcon.colcon_core.verb:set package 'lerobot_description' build argument 'catkin_cmake_args' from command line to 'None'
[0.316s] Level 5:colcon.colcon_core.verb:set package 'lerobot_description' build argument 'catkin_skip_building_tests' from command line to 'False'
[0.316s] DEBUG:colcon.colcon_core.verb:Building package 'lerobot_description' with the following arguments: {'ament_cmake_args': None, 'build_base': '/home/ubuntu2204/lerobot_ws/build/lerobot_description', 'catkin_cmake_args': None, 'catkin_skip_building_tests': False, 'cmake_args': None, 'cmake_clean_cache': False, 'cmake_clean_first': False, 'cmake_force_configure': False, 'cmake_target': None, 'cmake_target_skip_unavailable': False, 'install_base': '/home/ubuntu2204/lerobot_ws/install/lerobot_description', 'merge_install': False, 'path': '/home/ubuntu2204/lerobot_ws/src/lerobot_description', 'symlink_install': False, 'test_result_base': None}
[0.316s] INFO:colcon.colcon_core.executor:Executing jobs using 'parallel' executor
[0.317s] DEBUG:colcon.colcon_parallel_executor.executor.parallel:run_until_complete
[0.317s] INFO:colcon.colcon_ros.task.ament_python.build:Building ROS package in '/home/ubuntu2204/lerobot_ws/src/lerobot_control' with build type 'ament_python'
[0.317s] Level 1:colcon.colcon_core.shell:create_environment_hook('lerobot_control', 'ament_prefix_path')
[0.319s] INFO:colcon.colcon_core.plugin_system:Skipping extension 'colcon_core.shell.bat': Not used on non-Windows systems
[0.319s] INFO:colcon.colcon_core.shell:Creating environment hook '/home/ubuntu2204/lerobot_ws/install/lerobot_control/share/lerobot_control/hook/ament_prefix_path.ps1'
[0.319s] INFO:colcon.colcon_core.shell:Creating environment descriptor '/home/ubuntu2204/lerobot_ws/install/lerobot_control/share/lerobot_control/hook/ament_prefix_path.dsv'
[0.320s] INFO:colcon.colcon_core.shell:Creating environment hook '/home/ubuntu2204/lerobot_ws/install/lerobot_control/share/lerobot_control/hook/ament_prefix_path.sh'
[0.321s] INFO:colcon.colcon_core.shell:Skip shell extension 'powershell' for command environment: Not usable outside of PowerShell
[0.321s] DEBUG:colcon.colcon_core.shell:Skip shell extension 'dsv' for command environment
[0.324s] INFO:colcon.colcon_ros.task.ament_cmake.build:Building ROS package in '/home/ubuntu2204/lerobot_ws/src/lerobot_description' with build type 'ament_cmake'
[0.324s] INFO:colcon.colcon_cmake.task.cmake.build:Building CMake package in '/home/ubuntu2204/lerobot_ws/src/lerobot_description'
[0.324s] INFO:colcon.colcon_core.shell:Skip shell extension 'powershell' for command environment: Not usable outside of PowerShell
[0.324s] DEBUG:colcon.colcon_core.shell:Skip shell extension 'dsv' for command environment
[0.539s] INFO:colcon.colcon_core.task.python.build:Building Python package in '/home/ubuntu2204/lerobot_ws/src/lerobot_control'
[0.539s] INFO:colcon.colcon_core.shell:Skip shell extension 'powershell' for command environment: Not usable outside of PowerShell
[0.540s] DEBUG:colcon.colcon_core.shell:Skip shell extension 'dsv' for command environment
[0.547s] DEBUG:colcon.colcon_core.event_handler.log_command:Invoking command in '/home/ubuntu2204/lerobot_ws/build/lerobot_description': CMAKE_PREFIX_PATH=${CMAKE_PREFIX_PATH}:/home/ubuntu2204/lerobot_ws/install/lerobot_control:/home/ubuntu2204/ws00_helloworld/install/pkg04_hellovscode_py:/home/ubuntu2204/ws00_helloworld/install/pkg02_helloworld_py:/opt/ros/humble /usr/bin/cmake --build /home/ubuntu2204/lerobot_ws/build/lerobot_description -- -j2 -l2
[0.597s] DEBUG:colcon.colcon_core.event_handler.log_command:Invoked command in '/home/ubuntu2204/lerobot_ws/build/lerobot_description' returned '0': CMAKE_PREFIX_PATH=${CMAKE_PREFIX_PATH}:/home/ubuntu2204/lerobot_ws/install/lerobot_control:/home/ubuntu2204/ws00_helloworld/install/pkg04_hellovscode_py:/home/ubuntu2204/ws00_helloworld/install/pkg02_helloworld_py:/opt/ros/humble /usr/bin/cmake --build /home/ubuntu2204/lerobot_ws/build/lerobot_description -- -j2 -l2
[0.605s] DEBUG:colcon.colcon_core.event_handler.log_command:Invoking command in '/home/ubuntu2204/lerobot_ws/build/lerobot_description': CMAKE_PREFIX_PATH=${CMAKE_PREFIX_PATH}:/home/ubuntu2204/lerobot_ws/install/lerobot_control:/home/ubuntu2204/ws00_helloworld/install/pkg04_hellovscode_py:/home/ubuntu2204/ws00_helloworld/install/pkg02_helloworld_py:/opt/ros/humble /usr/bin/cmake --install /home/ubuntu2204/lerobot_ws/build/lerobot_description
[0.611s] Level 1:colcon.colcon_core.environment:create_environment_scripts_only(lerobot_description)
[0.613s] Level 1:colcon.colcon_core.environment:checking '/home/ubuntu2204/lerobot_ws/install/lerobot_description' for CMake module files
[0.614s] Level 1:colcon.colcon_core.environment:checking '/home/ubuntu2204/lerobot_ws/install/lerobot_description' for CMake config files
[0.614s] Level 1:colcon.colcon_core.shell:create_environment_hook('lerobot_description', 'cmake_prefix_path')
[0.615s] INFO:colcon.colcon_core.shell:Creating environment hook '/home/ubuntu2204/lerobot_ws/install/lerobot_description/share/lerobot_description/hook/cmake_prefix_path.ps1'
[0.615s] INFO:colcon.colcon_core.shell:Creating environment descriptor '/home/ubuntu2204/lerobot_ws/install/lerobot_description/share/lerobot_description/hook/cmake_prefix_path.dsv'
[0.615s] INFO:colcon.colcon_core.shell:Creating environment hook '/home/ubuntu2204/lerobot_ws/install/lerobot_description/share/lerobot_description/hook/cmake_prefix_path.sh'
[0.616s] Level 1:colcon.colcon_core.environment:checking '/home/ubuntu2204/lerobot_ws/install/lerobot_description/bin'
[0.616s] Level 1:colcon.colcon_core.environment:checking '/home/ubuntu2204/lerobot_ws/install/lerobot_description/lib/pkgconfig/lerobot_description.pc'
[0.616s] Level 1:colcon.colcon_core.environment:checking '/home/ubuntu2204/lerobot_ws/install/lerobot_description/lib/python3.10/site-packages'
[0.616s] Level 1:colcon.colcon_core.environment:checking '/home/ubuntu2204/lerobot_ws/install/lerobot_description/bin'
[0.617s] INFO:colcon.colcon_core.shell:Creating package script '/home/ubuntu2204/lerobot_ws/install/lerobot_description/share/lerobot_description/package.ps1'
[0.617s] INFO:colcon.colcon_core.shell:Creating package descriptor '/home/ubuntu2204/lerobot_ws/install/lerobot_description/share/lerobot_description/package.dsv'
[0.618s] INFO:colcon.colcon_core.shell:Creating package script '/home/ubuntu2204/lerobot_ws/install/lerobot_description/share/lerobot_description/package.sh'
[0.619s] INFO:colcon.colcon_core.shell:Creating package script '/home/ubuntu2204/lerobot_ws/install/lerobot_description/share/lerobot_description/package.bash'
[0.619s] INFO:colcon.colcon_core.shell:Creating package script '/home/ubuntu2204/lerobot_ws/install/lerobot_description/share/lerobot_description/package.zsh'
[0.620s] Level 1:colcon.colcon_core.environment:create_file_with_runtime_dependencies(/home/ubuntu2204/lerobot_ws/install/lerobot_description/share/colcon-core/packages/lerobot_description)
[0.621s] Level 1:colcon.colcon_core.environment:create_environment_scripts_only(lerobot_description)
[0.621s] Level 1:colcon.colcon_core.environment:checking '/home/ubuntu2204/lerobot_ws/install/lerobot_description' for CMake module files
[0.621s] Level 1:colcon.colcon_core.environment:checking '/home/ubuntu2204/lerobot_ws/install/lerobot_description' for CMake config files
[0.622s] Level 1:colcon.colcon_core.shell:create_environment_hook('lerobot_description', 'cmake_prefix_path')
[0.622s] INFO:colcon.colcon_core.shell:Creating environment hook '/home/ubuntu2204/lerobot_ws/install/lerobot_description/share/lerobot_description/hook/cmake_prefix_path.ps1'
[0.621s] DEBUG:colcon.colcon_core.event_handler.log_command:Invoked command in '/home/ubuntu2204/lerobot_ws/build/lerobot_description' returned '0': CMAKE_PREFIX_PATH=${CMAKE_PREFIX_PATH}:/home/ubuntu2204/lerobot_ws/install/lerobot_control:/home/ubuntu2204/ws00_helloworld/install/pkg04_hellovscode_py:/home/ubuntu2204/ws00_helloworld/install/pkg02_helloworld_py:/opt/ros/humble /usr/bin/cmake --install /home/ubuntu2204/lerobot_ws/build/lerobot_description
[0.622s] INFO:colcon.colcon_core.shell:Creating environment descriptor '/home/ubuntu2204/lerobot_ws/install/lerobot_description/share/lerobot_description/hook/cmake_prefix_path.dsv'
[0.622s] INFO:colcon.colcon_core.shell:Creating environment hook '/home/ubuntu2204/lerobot_ws/install/lerobot_description/share/lerobot_description/hook/cmake_prefix_path.sh'
[0.623s] Level 1:colcon.colcon_core.environment:checking '/home/ubuntu2204/lerobot_ws/install/lerobot_description/bin'
[0.623s] Level 1:colcon.colcon_core.environment:checking '/home/ubuntu2204/lerobot_ws/install/lerobot_description/lib/pkgconfig/lerobot_description.pc'
[0.623s] Level 1:colcon.colcon_core.environment:checking '/home/ubuntu2204/lerobot_ws/install/lerobot_description/lib/python3.10/site-packages'
[0.623s] Level 1:colcon.colcon_core.environment:checking '/home/ubuntu2204/lerobot_ws/install/lerobot_description/bin'
[0.623s] INFO:colcon.colcon_core.shell:Creating package script '/home/ubuntu2204/lerobot_ws/install/lerobot_description/share/lerobot_description/package.ps1'
[0.624s] INFO:colcon.colcon_core.shell:Creating package descriptor '/home/ubuntu2204/lerobot_ws/install/lerobot_description/share/lerobot_description/package.dsv'
[0.624s] INFO:colcon.colcon_core.shell:Creating package script '/home/ubuntu2204/lerobot_ws/install/lerobot_description/share/lerobot_description/package.sh'
[0.625s] INFO:colcon.colcon_core.shell:Creating package script '/home/ubuntu2204/lerobot_ws/install/lerobot_description/share/lerobot_description/package.bash'
[0.625s] INFO:colcon.colcon_core.shell:Creating package script '/home/ubuntu2204/lerobot_ws/install/lerobot_description/share/lerobot_description/package.zsh'
[0.626s] Level 1:colcon.colcon_core.environment:create_file_with_runtime_dependencies(/home/ubuntu2204/lerobot_ws/install/lerobot_description/share/colcon-core/packages/lerobot_description)
[0.923s] DEBUG:colcon.colcon_core.event_handler.log_command:Invoking command in '/home/ubuntu2204/lerobot_ws/src/lerobot_control': PYTHONPATH=/home/ubuntu2204/lerobot_ws/build/lerobot_control/prefix_override:/usr/lib/python3/dist-packages/colcon_core/task/python/colcon_distutils_commands:/home/ubuntu2204/lerobot_ws/install/lerobot_control/lib/python3.10/site-packages:${PYTHONPATH} /usr/bin/python3 -W ignore:setup.py install is deprecated -W ignore:easy_install command is deprecated setup.py egg_info --egg-base ../../build/lerobot_control build --build-base /home/ubuntu2204/lerobot_ws/build/lerobot_control/build install --record /home/ubuntu2204/lerobot_ws/build/lerobot_control/install.log --single-version-externally-managed install_data
[1.172s] Level 1:colcon.colcon_core.environment:checking '/home/ubuntu2204/lerobot_ws/install/lerobot_control' for CMake module files
[1.172s] Level 1:colcon.colcon_core.environment:checking '/home/ubuntu2204/lerobot_ws/install/lerobot_control' for CMake config files
[1.172s] Level 1:colcon.colcon_core.environment:checking '/home/ubuntu2204/lerobot_ws/install/lerobot_control/lib'
[1.172s] Level 1:colcon.colcon_core.environment:checking '/home/ubuntu2204/lerobot_ws/install/lerobot_control/bin'
[1.172s] Level 1:colcon.colcon_core.environment:checking '/home/ubuntu2204/lerobot_ws/install/lerobot_control/lib/pkgconfig/lerobot_control.pc'
[1.173s] Level 1:colcon.colcon_core.environment:checking '/home/ubuntu2204/lerobot_ws/install/lerobot_control/lib/python3.10/site-packages'
[1.173s] Level 1:colcon.colcon_core.shell:create_environment_hook('lerobot_control', 'pythonpath')
[1.173s] INFO:colcon.colcon_core.shell:Creating environment hook '/home/ubuntu2204/lerobot_ws/install/lerobot_control/share/lerobot_control/hook/pythonpath.ps1'
[1.174s] DEBUG:colcon.colcon_core.event_handler.log_command:Invoked command in '/home/ubuntu2204/lerobot_ws/src/lerobot_control' returned '0': PYTHONPATH=/home/ubuntu2204/lerobot_ws/build/lerobot_control/prefix_override:/usr/lib/python3/dist-packages/colcon_core/task/python/colcon_distutils_commands:/home/ubuntu2204/lerobot_ws/install/lerobot_control/lib/python3.10/site-packages:${PYTHONPATH} /usr/bin/python3 -W ignore:setup.py install is deprecated -W ignore:easy_install command is deprecated setup.py egg_info --egg-base ../../build/lerobot_control build --build-base /home/ubuntu2204/lerobot_ws/build/lerobot_control/build install --record /home/ubuntu2204/lerobot_ws/build/lerobot_control/install.log --single-version-externally-managed install_data
[1.174s] INFO:colcon.colcon_core.shell:Creating environment descriptor '/home/ubuntu2204/lerobot_ws/install/lerobot_control/share/lerobot_control/hook/pythonpath.dsv'
[1.174s] INFO:colcon.colcon_core.shell:Creating environment hook '/home/ubuntu2204/lerobot_ws/install/lerobot_control/share/lerobot_control/hook/pythonpath.sh'
[1.175s] Level 1:colcon.colcon_core.environment:checking '/home/ubuntu2204/lerobot_ws/install/lerobot_control/bin'
[1.176s] Level 1:colcon.colcon_core.environment:create_environment_scripts_only(lerobot_control)
[1.176s] INFO:colcon.colcon_core.shell:Creating package script '/home/ubuntu2204/lerobot_ws/install/lerobot_control/share/lerobot_control/package.ps1'
[1.176s] INFO:colcon.colcon_core.shell:Creating package descriptor '/home/ubuntu2204/lerobot_ws/install/lerobot_control/share/lerobot_control/package.dsv'
[1.177s] INFO:colcon.colcon_core.shell:Creating package script '/home/ubuntu2204/lerobot_ws/install/lerobot_control/share/lerobot_control/package.sh'
[1.178s] INFO:colcon.colcon_core.shell:Creating package script '/home/ubuntu2204/lerobot_ws/install/lerobot_control/share/lerobot_control/package.bash'
[1.178s] INFO:colcon.colcon_core.shell:Creating package script '/home/ubuntu2204/lerobot_ws/install/lerobot_control/share/lerobot_control/package.zsh'
[1.178s] Level 1:colcon.colcon_core.environment:create_file_with_runtime_dependencies(/home/ubuntu2204/lerobot_ws/install/lerobot_control/share/colcon-core/packages/lerobot_control)
[1.179s] DEBUG:colcon.colcon_parallel_executor.executor.parallel:closing loop
[1.179s] DEBUG:colcon.colcon_parallel_executor.executor.parallel:loop closed
[1.180s] DEBUG:colcon.colcon_parallel_executor.executor.parallel:run_until_complete finished with '0'
[1.180s] DEBUG:colcon.colcon_core.event_reactor:joining thread
[1.184s] INFO:colcon.colcon_core.plugin_system:Skipping extension 'colcon_notification.desktop_notification.terminal_notifier': Not used on non-Darwin systems
[1.184s] INFO:colcon.colcon_core.plugin_system:Skipping extension 'colcon_notification.desktop_notification.win32': Not used on non-Windows systems
[1.184s] INFO:colcon.colcon_notification.desktop_notification:Sending desktop notification using 'notify2'
[1.199s] DEBUG:colcon.colcon_core.event_reactor:joined thread
[1.199s] INFO:colcon.colcon_core.shell:Creating prefix script '/home/ubuntu2204/lerobot_ws/install/local_setup.ps1'
[1.200s] INFO:colcon.colcon_core.shell:Creating prefix util module '/home/ubuntu2204/lerobot_ws/install/_local_setup_util_ps1.py'
[1.202s] INFO:colcon.colcon_core.shell:Creating prefix chain script '/home/ubuntu2204/lerobot_ws/install/setup.ps1'
[1.205s] INFO:colcon.colcon_core.shell:Creating prefix script '/home/ubuntu2204/lerobot_ws/install/local_setup.sh'
[1.206s] INFO:colcon.colcon_core.shell:Creating prefix util module '/home/ubuntu2204/lerobot_ws/install/_local_setup_util_sh.py'
[1.206s] INFO:colcon.colcon_core.shell:Creating prefix chain script '/home/ubuntu2204/lerobot_ws/install/setup.sh'
[1.207s] INFO:colcon.colcon_core.shell:Creating prefix script '/home/ubuntu2204/lerobot_ws/install/local_setup.bash'
[1.208s] INFO:colcon.colcon_core.shell:Creating prefix chain script '/home/ubuntu2204/lerobot_ws/install/setup.bash'
[1.209s] INFO:colcon.colcon_core.shell:Creating prefix script '/home/ubuntu2204/lerobot_ws/install/local_setup.zsh'
[1.210s] INFO:colcon.colcon_core.shell:Creating prefix chain script '/home/ubuntu2204/lerobot_ws/install/setup.zsh'
