[0.210s] Invoking command in '/home/ubuntu2204/lerobot_ws/build/lerobot_description': CMAKE_PREFIX_PATH=${CMAKE_PREFIX_PATH}:/home/ubuntu2204/lerobot_ws/install/lerobot_control:/home/ubuntu2204/ws00_helloworld/install/pkg04_hellovscode_py:/home/ubuntu2204/ws00_helloworld/install/pkg02_helloworld_py:/opt/ros/humble /usr/bin/cmake /home/ubuntu2204/lerobot_ws/src/lerobot_description -DCMAKE_INSTALL_PREFIX=/home/ubuntu2204/lerobot_ws/install/lerobot_description
[0.351s] -- The C compiler identification is GNU 11.4.0
[0.490s] -- The CXX compiler identification is GNU 11.4.0
[0.510s] -- Detecting C compiler ABI info
[0.628s] -- Detecting C compiler ABI info - done
[0.639s] -- Check for working C compiler: /usr/bin/cc - skipped
[0.641s] -- Detecting C compile features
[0.647s] -- Detecting C compile features - done
[0.652s] -- Detecting CXX compiler ABI info
[0.740s] -- Detecting CXX compiler ABI info - done
[0.744s] -- Check for working CXX compiler: /usr/bin/c++ - skipped
[0.745s] -- Detecting CXX compile features
[0.745s] -- Detecting CXX compile features - done
[0.760s] -- Found ament_cmake: 1.3.12 (/opt/ros/humble/share/ament_cmake/cmake)
[0.907s] -- Found Python3: /usr/bin/python3 (found version "3.10.12") found components: Interpreter 
[1.053s] -- Found ament_lint_auto: 0.12.14 (/opt/ros/humble/share/ament_lint_auto/cmake)
[1.139s] -- Added test 'lint_cmake' to check CMake code style
[1.141s] -- Added test 'xmllint' to check XML markup files
[1.143s] -- Configuring done
[1.145s] -- Generating done
[1.146s] -- Build files have been written to: /home/ubuntu2204/lerobot_ws/build/lerobot_description
[1.150s] Invoked command in '/home/ubuntu2204/lerobot_ws/build/lerobot_description' returned '0': CMAKE_PREFIX_PATH=${CMAKE_PREFIX_PATH}:/home/ubuntu2204/lerobot_ws/install/lerobot_control:/home/ubuntu2204/ws00_helloworld/install/pkg04_hellovscode_py:/home/ubuntu2204/ws00_helloworld/install/pkg02_helloworld_py:/opt/ros/humble /usr/bin/cmake /home/ubuntu2204/lerobot_ws/src/lerobot_description -DCMAKE_INSTALL_PREFIX=/home/ubuntu2204/lerobot_ws/install/lerobot_description
[1.150s] Invoking command in '/home/ubuntu2204/lerobot_ws/build/lerobot_description': CMAKE_PREFIX_PATH=${CMAKE_PREFIX_PATH}:/home/ubuntu2204/lerobot_ws/install/lerobot_control:/home/ubuntu2204/ws00_helloworld/install/pkg04_hellovscode_py:/home/ubuntu2204/ws00_helloworld/install/pkg02_helloworld_py:/opt/ros/humble /usr/bin/cmake --build /home/ubuntu2204/lerobot_ws/build/lerobot_description -- -j2 -l2
[1.174s] Invoked command in '/home/ubuntu2204/lerobot_ws/build/lerobot_description' returned '0': CMAKE_PREFIX_PATH=${CMAKE_PREFIX_PATH}:/home/ubuntu2204/lerobot_ws/install/lerobot_control:/home/ubuntu2204/ws00_helloworld/install/pkg04_hellovscode_py:/home/ubuntu2204/ws00_helloworld/install/pkg02_helloworld_py:/opt/ros/humble /usr/bin/cmake --build /home/ubuntu2204/lerobot_ws/build/lerobot_description -- -j2 -l2
[1.180s] Invoking command in '/home/ubuntu2204/lerobot_ws/build/lerobot_description': CMAKE_PREFIX_PATH=${CMAKE_PREFIX_PATH}:/home/ubuntu2204/lerobot_ws/install/lerobot_control:/home/ubuntu2204/ws00_helloworld/install/pkg04_hellovscode_py:/home/ubuntu2204/ws00_helloworld/install/pkg02_helloworld_py:/opt/ros/humble /usr/bin/cmake --install /home/ubuntu2204/lerobot_ws/build/lerobot_description
[1.185s] -- Install configuration: ""
[1.185s] -- Installing: /home/ubuntu2204/lerobot_ws/install/lerobot_description/share/lerobot_description/urdf
[1.185s] -- Installing: /home/ubuntu2204/lerobot_ws/install/lerobot_description/share/lerobot_description/urdf/robot.urdf
[1.185s] -- Installing: /home/ubuntu2204/lerobot_ws/install/lerobot_description/share/ament_index/resource_index/package_run_dependencies/lerobot_description
[1.185s] -- Installing: /home/ubuntu2204/lerobot_ws/install/lerobot_description/share/ament_index/resource_index/parent_prefix_path/lerobot_description
[1.185s] -- Installing: /home/ubuntu2204/lerobot_ws/install/lerobot_description/share/lerobot_description/environment/ament_prefix_path.sh
[1.186s] -- Installing: /home/ubuntu2204/lerobot_ws/install/lerobot_description/share/lerobot_description/environment/ament_prefix_path.dsv
[1.186s] -- Installing: /home/ubuntu2204/lerobot_ws/install/lerobot_description/share/lerobot_description/environment/path.sh
[1.186s] -- Installing: /home/ubuntu2204/lerobot_ws/install/lerobot_description/share/lerobot_description/environment/path.dsv
[1.186s] -- Installing: /home/ubuntu2204/lerobot_ws/install/lerobot_description/share/lerobot_description/local_setup.bash
[1.186s] -- Installing: /home/ubuntu2204/lerobot_ws/install/lerobot_description/share/lerobot_description/local_setup.sh
[1.186s] -- Installing: /home/ubuntu2204/lerobot_ws/install/lerobot_description/share/lerobot_description/local_setup.zsh
[1.186s] -- Installing: /home/ubuntu2204/lerobot_ws/install/lerobot_description/share/lerobot_description/local_setup.dsv
[1.186s] -- Installing: /home/ubuntu2204/lerobot_ws/install/lerobot_description/share/lerobot_description/package.dsv
[1.187s] -- Installing: /home/ubuntu2204/lerobot_ws/install/lerobot_description/share/ament_index/resource_index/packages/lerobot_description
[1.188s] -- Installing: /home/ubuntu2204/lerobot_ws/install/lerobot_description/share/lerobot_description/cmake/lerobot_descriptionConfig.cmake
[1.189s] -- Installing: /home/ubuntu2204/lerobot_ws/install/lerobot_description/share/lerobot_description/cmake/lerobot_descriptionConfig-version.cmake
[1.189s] -- Installing: /home/ubuntu2204/lerobot_ws/install/lerobot_description/share/lerobot_description/package.xml
[1.189s] Invoked command in '/home/ubuntu2204/lerobot_ws/build/lerobot_description' returned '0': CMAKE_PREFIX_PATH=${CMAKE_PREFIX_PATH}:/home/ubuntu2204/lerobot_ws/install/lerobot_control:/home/ubuntu2204/ws00_helloworld/install/pkg04_hellovscode_py:/home/ubuntu2204/ws00_helloworld/install/pkg02_helloworld_py:/opt/ros/humble /usr/bin/cmake --install /home/ubuntu2204/lerobot_ws/build/lerobot_description
