/home/ubuntu2204/lerobot_ws/install/lerobot_control/lib/python3.10/site-packages/lerobot_control/__init__.py
/home/ubuntu2204/lerobot_ws/install/lerobot_control/lib/python3.10/site-packages/lerobot_control/lerobot.py
/home/ubuntu2204/lerobot_ws/install/lerobot_control/lib/python3.10/site-packages/lerobot_control/trajectory_bridge.py
/home/ubuntu2204/lerobot_ws/install/lerobot_control/lib/python3.10/site-packages/lerobot_control/arm_planner_node.py
/home/ubuntu2204/lerobot_ws/install/lerobot_control/lib/python3.10/site-packages/lerobot_control/__pycache__/__init__.cpython-310.pyc
/home/ubuntu2204/lerobot_ws/install/lerobot_control/lib/python3.10/site-packages/lerobot_control/__pycache__/lerobot.cpython-310.pyc
/home/ubuntu2204/lerobot_ws/install/lerobot_control/lib/python3.10/site-packages/lerobot_control/__pycache__/trajectory_bridge.cpython-310.pyc
/home/ubuntu2204/lerobot_ws/install/lerobot_control/lib/python3.10/site-packages/lerobot_control/__pycache__/arm_planner_node.cpython-310.pyc
/home/ubuntu2204/lerobot_ws/install/lerobot_control/share/ament_index/resource_index/packages/lerobot_control
/home/ubuntu2204/lerobot_ws/install/lerobot_control/share/lerobot_control/package.xml
/home/ubuntu2204/lerobot_ws/install/lerobot_control/lib/python3.10/site-packages/lerobot_control-0.0.0-py3.10.egg-info/requires.txt
/home/ubuntu2204/lerobot_ws/install/lerobot_control/lib/python3.10/site-packages/lerobot_control-0.0.0-py3.10.egg-info/dependency_links.txt
/home/ubuntu2204/lerobot_ws/install/lerobot_control/lib/python3.10/site-packages/lerobot_control-0.0.0-py3.10.egg-info/PKG-INFO
/home/ubuntu2204/lerobot_ws/install/lerobot_control/lib/python3.10/site-packages/lerobot_control-0.0.0-py3.10.egg-info/top_level.txt
/home/ubuntu2204/lerobot_ws/install/lerobot_control/lib/python3.10/site-packages/lerobot_control-0.0.0-py3.10.egg-info/SOURCES.txt
/home/ubuntu2204/lerobot_ws/install/lerobot_control/lib/python3.10/site-packages/lerobot_control-0.0.0-py3.10.egg-info/entry_points.txt
/home/ubuntu2204/lerobot_ws/install/lerobot_control/lib/python3.10/site-packages/lerobot_control-0.0.0-py3.10.egg-info/zip-safe
/home/ubuntu2204/lerobot_ws/install/lerobot_control/lib/lerobot_control/arm_planner
/home/ubuntu2204/lerobot_ws/install/lerobot_control/lib/lerobot_control/lerobot
/home/ubuntu2204/lerobot_ws/install/lerobot_control/lib/lerobot_control/trajectory_bridge
