running egg_info
writing ../../build/lerobot_control/lerobot_control.egg-info/PKG-INFO
writing dependency_links to ../../build/lerobot_control/lerobot_control.egg-info/dependency_links.txt
writing entry points to ../../build/lerobot_control/lerobot_control.egg-info/entry_points.txt
writing requirements to ../../build/lerobot_control/lerobot_control.egg-info/requires.txt
writing top-level names to ../../build/lerobot_control/lerobot_control.egg-info/top_level.txt
reading manifest file '../../build/lerobot_control/lerobot_control.egg-info/SOURCES.txt'
writing manifest file '../../build/lerobot_control/lerobot_control.egg-info/SOURCES.txt'
running build
running build_py
copying lerobot_control/lerobot.py -> /home/ubuntu2204/lerobot_ws/build/lerobot_control/build/lib/lerobot_control
running install
running install_lib
copying /home/ubuntu2204/lerobot_ws/build/lerobot_control/build/lib/lerobot_control/lerobot.py -> /home/ubuntu2204/lerobot_ws/install/lerobot_control/lib/python3.10/site-packages/lerobot_control
byte-compiling /home/ubuntu2204/lerobot_ws/install/lerobot_control/lib/python3.10/site-packages/lerobot_control/lerobot.py to lerobot.cpython-310.pyc
running install_data
running install_egg_info
removing '/home/ubuntu2204/lerobot_ws/install/lerobot_control/lib/python3.10/site-packages/lerobot_control-0.0.0-py3.10.egg-info' (and everything under it)
Copying ../../build/lerobot_control/lerobot_control.egg-info to /home/ubuntu2204/lerobot_ws/install/lerobot_control/lib/python3.10/site-packages/lerobot_control-0.0.0-py3.10.egg-info
running install_scripts
Installing arm_planner script to /home/ubuntu2204/lerobot_ws/install/lerobot_control/lib/lerobot_control
Installing lerobot script to /home/ubuntu2204/lerobot_ws/install/lerobot_control/lib/lerobot_control
writing list of installed files to '/home/ubuntu2204/lerobot_ws/build/lerobot_control/install.log'
