[1.259s] Invoking command in '/home/ubuntu2204/lerobot_ws/src/lerobot_control': PYTHONPATH=/home/ubuntu2204/lerobot_ws/build/lerobot_control/prefix_override:/usr/lib/python3/dist-packages/colcon_core/task/python/colcon_distutils_commands:/home/ubuntu2204/lerobot_ws/install/lerobot_control/lib/python3.10/site-packages:${PYTHONPATH} /usr/bin/python3 -W ignore:setup.py install is deprecated -W ignore:easy_install command is deprecated setup.py egg_info --egg-base ../../build/lerobot_control build --build-base /home/ubuntu2204/lerobot_ws/build/lerobot_control/build install --record /home/ubuntu2204/lerobot_ws/build/lerobot_control/install.log --single-version-externally-managed install_data
[1.473s] running egg_info
[1.473s] writing ../../build/lerobot_control/lerobot_control.egg-info/PKG-INFO
[1.474s] writing dependency_links to ../../build/lerobot_control/lerobot_control.egg-info/dependency_links.txt
[1.475s] writing entry points to ../../build/lerobot_control/lerobot_control.egg-info/entry_points.txt
[1.475s] writing requirements to ../../build/lerobot_control/lerobot_control.egg-info/requires.txt
[1.477s] writing top-level names to ../../build/lerobot_control/lerobot_control.egg-info/top_level.txt
[1.477s] reading manifest file '../../build/lerobot_control/lerobot_control.egg-info/SOURCES.txt'
[1.506s] writing manifest file '../../build/lerobot_control/lerobot_control.egg-info/SOURCES.txt'
[1.507s] running build
[1.508s] running build_py
[1.508s] copying lerobot_control/arm_planner_node.py -> /home/ubuntu2204/lerobot_ws/build/lerobot_control/build/lib/lerobot_control
[1.509s] running install
[1.510s] running install_lib
[1.510s] copying /home/ubuntu2204/lerobot_ws/build/lerobot_control/build/lib/lerobot_control/arm_planner_node.py -> /home/ubuntu2204/lerobot_ws/install/lerobot_control/lib/python3.10/site-packages/lerobot_control
[1.511s] byte-compiling /home/ubuntu2204/lerobot_ws/install/lerobot_control/lib/python3.10/site-packages/lerobot_control/arm_planner_node.py to arm_planner_node.cpython-310.pyc
[1.512s] running install_data
[1.512s] running install_egg_info
[1.524s] removing '/home/ubuntu2204/lerobot_ws/install/lerobot_control/lib/python3.10/site-packages/lerobot_control-0.0.0-py3.10.egg-info' (and everything under it)
[1.527s] Copying ../../build/lerobot_control/lerobot_control.egg-info to /home/ubuntu2204/lerobot_ws/install/lerobot_control/lib/python3.10/site-packages/lerobot_control-0.0.0-py3.10.egg-info
[1.531s] running install_scripts
[1.552s] Installing arm_planner script to /home/ubuntu2204/lerobot_ws/install/lerobot_control/lib/lerobot_control
[1.553s] Installing lerobot script to /home/ubuntu2204/lerobot_ws/install/lerobot_control/lib/lerobot_control
[1.554s] writing list of installed files to '/home/ubuntu2204/lerobot_ws/build/lerobot_control/install.log'
[1.574s] Invoked command in '/home/ubuntu2204/lerobot_ws/src/lerobot_control' returned '0': PYTHONPATH=/home/ubuntu2204/lerobot_ws/build/lerobot_control/prefix_override:/usr/lib/python3/dist-packages/colcon_core/task/python/colcon_distutils_commands:/home/ubuntu2204/lerobot_ws/install/lerobot_control/lib/python3.10/site-packages:${PYTHONPATH} /usr/bin/python3 -W ignore:setup.py install is deprecated -W ignore:easy_install command is deprecated setup.py egg_info --egg-base ../../build/lerobot_control build --build-base /home/ubuntu2204/lerobot_ws/build/lerobot_control/build install --record /home/ubuntu2204/lerobot_ws/build/lerobot_control/install.log --single-version-externally-managed install_data
