[0.778s] Invoking command in '/home/ubuntu2204/lerobot_ws/src/lerobot_control': PYTHONPATH=/home/ubuntu2204/lerobot_ws/build/lerobot_control/prefix_override:/usr/lib/python3/dist-packages/colcon_core/task/python/colcon_distutils_commands:/home/ubuntu2204/lerobot_ws/install/lerobot_control/lib/python3.10/site-packages:${PYTHONPATH} /usr/bin/python3 -W ignore:setup.py install is deprecated -W ignore:easy_install command is deprecated setup.py egg_info --egg-base ../../build/lerobot_control build --build-base /home/ubuntu2204/lerobot_ws/build/lerobot_control/build install --record /home/ubuntu2204/lerobot_ws/build/lerobot_control/install.log --single-version-externally-managed install_data
[0.938s] running egg_info
[0.939s] writing ../../build/lerobot_control/lerobot_control.egg-info/PKG-INFO
[0.939s] writing dependency_links to ../../build/lerobot_control/lerobot_control.egg-info/dependency_links.txt
[0.939s] writing entry points to ../../build/lerobot_control/lerobot_control.egg-info/entry_points.txt
[0.939s] writing requirements to ../../build/lerobot_control/lerobot_control.egg-info/requires.txt
[0.939s] writing top-level names to ../../build/lerobot_control/lerobot_control.egg-info/top_level.txt
[0.940s] reading manifest file '../../build/lerobot_control/lerobot_control.egg-info/SOURCES.txt'
[0.941s] writing manifest file '../../build/lerobot_control/lerobot_control.egg-info/SOURCES.txt'
[0.941s] running build
[0.941s] running build_py
[0.941s] copying lerobot_control/trajectory_bridge.py -> /home/ubuntu2204/lerobot_ws/build/lerobot_control/build/lib/lerobot_control
[0.942s] running install
[0.942s] running install_lib
[0.942s] copying /home/ubuntu2204/lerobot_ws/build/lerobot_control/build/lib/lerobot_control/trajectory_bridge.py -> /home/ubuntu2204/lerobot_ws/install/lerobot_control/lib/python3.10/site-packages/lerobot_control
[0.943s] byte-compiling /home/ubuntu2204/lerobot_ws/install/lerobot_control/lib/python3.10/site-packages/lerobot_control/trajectory_bridge.py to trajectory_bridge.cpython-310.pyc
[0.943s] running install_data
[0.944s] running install_egg_info
[0.945s] removing '/home/ubuntu2204/lerobot_ws/install/lerobot_control/lib/python3.10/site-packages/lerobot_control-0.0.0-py3.10.egg-info' (and everything under it)
[0.946s] Copying ../../build/lerobot_control/lerobot_control.egg-info to /home/ubuntu2204/lerobot_ws/install/lerobot_control/lib/python3.10/site-packages/lerobot_control-0.0.0-py3.10.egg-info
[0.947s] running install_scripts
[0.959s] Installing arm_planner script to /home/ubuntu2204/lerobot_ws/install/lerobot_control/lib/lerobot_control
[0.960s] Installing lerobot script to /home/ubuntu2204/lerobot_ws/install/lerobot_control/lib/lerobot_control
[0.960s] Installing trajectory_bridge script to /home/ubuntu2204/lerobot_ws/install/lerobot_control/lib/lerobot_control
[0.960s] writing list of installed files to '/home/ubuntu2204/lerobot_ws/build/lerobot_control/install.log'
[0.976s] Invoked command in '/home/ubuntu2204/lerobot_ws/src/lerobot_control' returned '0': PYTHONPATH=/home/ubuntu2204/lerobot_ws/build/lerobot_control/prefix_override:/usr/lib/python3/dist-packages/colcon_core/task/python/colcon_distutils_commands:/home/ubuntu2204/lerobot_ws/install/lerobot_control/lib/python3.10/site-packages:${PYTHONPATH} /usr/bin/python3 -W ignore:setup.py install is deprecated -W ignore:easy_install command is deprecated setup.py egg_info --egg-base ../../build/lerobot_control build --build-base /home/ubuntu2204/lerobot_ws/build/lerobot_control/build install --record /home/ubuntu2204/lerobot_ws/build/lerobot_control/install.log --single-version-externally-managed install_data
